[debug] [2022-06-27T10:51:12.931Z] ----------------------------------------------------------------------
[debug] [2022-06-27T10:51:12.934Z] Command:       C:\Program Files\nodejs\node.exe C:\Users\tarun\AppData\Roaming\npm\node_modules\firebase-tools\lib\bin\firebase.js init
[debug] [2022-06-27T10:51:12.935Z] CLI Version:   11.1.0
[debug] [2022-06-27T10:51:12.935Z] Platform:      win32
[debug] [2022-06-27T10:51:12.935Z] Node Version:  v16.15.1
[debug] [2022-06-27T10:51:12.937Z] Time:          Mon Jun 27 2022 16:21:12 GMT+0530 (India Standard Time)
[debug] [2022-06-27T10:51:12.937Z] ----------------------------------------------------------------------
[debug] 
[debug] [2022-06-27T10:51:13.052Z] > command requires scopes: ["email","openid","https://www.googleapis.com/auth/cloudplatformprojects.readonly","https://www.googleapis.com/auth/firebase","https://www.googleapis.com/auth/cloud-platform"]
[debug] [2022-06-27T10:51:13.053Z] > authorizing via signed-in user (tarunchelumalla@gmail.com)
[info] 
     ######## #### ########  ######## ########     ###     ######  ########
     ##        ##  ##     ## ##       ##     ##  ##   ##  ##       ##
     ######    ##  ########  ######   ########  #########  ######  ######
     ##        ##  ##    ##  ##       ##     ## ##     ##       ## ##
     ##       #### ##     ## ######## ########  ##     ##  ######  ########

You're about to initialize a Firebase project in this directory:

  E:\project

Before we get started, keep in mind:

  * You are initializing within an existing Firebase project directory

[info] 
=== Project Setup
[info] 
[info] First, let's associate this project directory with a Firebase project.
[info] You can create multiple project aliases by running firebase use --add, 
[info] but for now we'll just set up a default project.
[info] 
[debug] [2022-06-27T10:51:17.993Z] Using project from CLI flag: fake-book-321d1
[debug] [2022-06-27T10:51:17.996Z] >>> [apiv2][query] GET https://firebase.googleapis.com/v1beta1/projects/fake-book-321d1 [none]
[debug] [2022-06-27T10:51:18.439Z] <<< [apiv2][status] GET https://firebase.googleapis.com/v1beta1/projects/fake-book-321d1 200
[debug] [2022-06-27T10:51:18.439Z] <<< [apiv2][body] GET https://firebase.googleapis.com/v1beta1/projects/fake-book-321d1 {"projectId":"fake-book-321d1","projectNumber":"33415506993","displayName":"Fake book","name":"projects/fake-book-321d1","resources":{"hostingSite":"fake-book-321d1","realtimeDatabaseInstance":"fake-book-321d1"},"state":"ACTIVE"}
[info] i  Using project fake-book-321d1 (Fake book) 
[info] 
=== Hosting Setup
[info] 
[info] Your public directory is the folder (relative to your project directory) that
[info] will contain Hosting assets to be uploaded with firebase deploy. If you
[info] have a build process for your assets, use your build's output directory.
[info] 
